#! /usr/share/iverilog-0.10.0/bin/vvp
:ivl_version "0.10.0 (devel)" "(v0_9_6)";
:ivl_delay_selection "TYPICAL";
:vpi_time_precision - 12;
:vpi_module "system";
:vpi_module "vhdl_sys";
:vpi_module "v2005_math";
:vpi_module "va_math";
:vpi_module "v2009";
S_0x2820990 .scope module, "tb_parking_system" "tb_parking_system" 2 2;
 .timescale -9 -12;
v0x2858220_0 .net "GREEN_LED", 0 0, L_0x2858b30;  1 drivers
v0x28582e0_0 .net "HEX_1", 6 0, v0x2857430_0;  1 drivers
v0x28583b0_0 .net "HEX_2", 6 0, v0x2857510_0;  1 drivers
v0x28584b0_0 .net "RED_LED", 0 0, L_0x2858ac0;  1 drivers
v0x2858580_0 .var "clk", 0 0;
v0x2858620_0 .var "password_1", 1 0;
v0x28586f0_0 .var "password_2", 1 0;
v0x28587c0_0 .var "reset_n", 0 0;
v0x2858890_0 .var "sensor_entrance", 0 0;
v0x28589f0_0 .var "sensor_exit", 0 0;
S_0x283bce0 .scope module, "uut" "parking_system" 2 19, 3 2 0, S_0x2820990;
 .timescale -9 -12;
    .port_info 0 /INPUT 1 "clk"
    .port_info 1 /INPUT 1 "reset_n"
    .port_info 2 /INPUT 1 "sensor_entrance"
    .port_info 3 /INPUT 1 "sensor_exit"
    .port_info 4 /INPUT 2 "password_1"
    .port_info 5 /INPUT 2 "password_2"
    .port_info 6 /OUTPUT 1 "GREEN_LED"
    .port_info 7 /OUTPUT 1 "RED_LED"
    .port_info 8 /OUTPUT 7 "HEX_1"
    .port_info 9 /OUTPUT 7 "HEX_2"
P_0x283beb0 .param/l "IDLE" 0 3 9, C4<000>;
P_0x283bef0 .param/l "RIGHT_PASS" 0 3 9, C4<011>;
P_0x283bf30 .param/l "STOP" 0 3 9, C4<100>;
P_0x283bf70 .param/l "WAIT_PASSWORD" 0 3 9, C4<001>;
P_0x283bfb0 .param/l "WRONG_PASS" 0 3 9, C4<010>;
L_0x2858ac0 .functor BUFZ 1, v0x2857d80_0, C4<0>, C4<0>, C4<0>;
L_0x2858b30 .functor BUFZ 1, v0x2857990_0, C4<0>, C4<0>, C4<0>;
v0x28322b0_0 .net "GREEN_LED", 0 0, L_0x2858b30;  alias, 1 drivers
v0x2857430_0 .var "HEX_1", 6 0;
v0x2857510_0 .var "HEX_2", 6 0;
v0x2857600_0 .net "RED_LED", 0 0, L_0x2858ac0;  alias, 1 drivers
v0x28576c0_0 .net "clk", 0 0, v0x2858580_0;  1 drivers
v0x28577d0_0 .var "counter_wait", 31 0;
v0x28578b0_0 .var "current_state", 2 0;
v0x2857990_0 .var "green_tmp", 0 0;
v0x2857a50_0 .var "next_state", 2 0;
v0x2857bc0_0 .net "password_1", 1 0, v0x2858620_0;  1 drivers
v0x2857ca0_0 .net "password_2", 1 0, v0x28586f0_0;  1 drivers
v0x2857d80_0 .var "red_tmp", 0 0;
v0x2857e40_0 .net "reset_n", 0 0, v0x28587c0_0;  1 drivers
v0x2857f00_0 .net "sensor_entrance", 0 0, v0x2858890_0;  1 drivers
v0x2857fc0_0 .net "sensor_exit", 0 0, v0x28589f0_0;  1 drivers
E_0x2820b20 .event posedge, v0x28576c0_0;
E_0x283d570/0 .event edge, v0x28578b0_0, v0x2857f00_0, v0x28577d0_0, v0x2857bc0_0;
E_0x283d570/1 .event edge, v0x2857ca0_0, v0x2857fc0_0;
E_0x283d570 .event/or E_0x283d570/0, E_0x283d570/1;
E_0x283c210/0 .event negedge, v0x2857e40_0;
E_0x283c210/1 .event posedge, v0x28576c0_0;
E_0x283c210 .event/or E_0x283c210/0, E_0x283c210/1;
    .scope S_0x283bce0;
T_0 ;
    %wait E_0x283c210;
    %load/v 8, v0x2857e40_0, 1;
    %inv 8, 1;
    %jmp/0xz  T_0.0, 8;
    %set/v v0x28578b0_0, 0, 3;
    %jmp T_0.1;
T_0.0 ;
    %load/v 8, v0x2857a50_0, 3;
    %set/v v0x28578b0_0, 8, 3;
T_0.1 ;
    %jmp T_0;
    .thread T_0;
    .scope S_0x283bce0;
T_1 ;
    %wait E_0x283c210;
    %load/v 8, v0x2857e40_0, 1;
    %inv 8, 1;
    %jmp/0xz  T_1.0, 8;
    %ix/load 0, 32, 0;
    %assign/v0 v0x28577d0_0, 0, 0;
    %jmp T_1.1;
T_1.0 ;
    %load/v 8, v0x28578b0_0, 3;
    %cmpi/u 8, 1, 3;
    %jmp/0xz  T_1.2, 4;
    %ix/load 0, 1, 0;
    %load/vp0 8, v0x28577d0_0, 32;
    %ix/load 0, 32, 0;
    %assign/v0 v0x28577d0_0, 0, 8;
    %jmp T_1.3;
T_1.2 ;
    %ix/load 0, 32, 0;
    %assign/v0 v0x28577d0_0, 0, 0;
T_1.3 ;
T_1.1 ;
    %jmp T_1;
    .thread T_1;
    .scope S_0x283bce0;
T_2 ;
    %wait E_0x283d570;
    %load/v 8, v0x28578b0_0, 3;
    %cmpi/u 8, 0, 3;
    %jmp/1 T_2.0, 6;
    %cmpi/u 8, 1, 3;
    %jmp/1 T_2.1, 6;
    %cmpi/u 8, 2, 3;
    %jmp/1 T_2.2, 6;
    %cmpi/u 8, 3, 3;
    %jmp/1 T_2.3, 6;
    %cmpi/u 8, 4, 3;
    %jmp/1 T_2.4, 6;
    %set/v v0x2857a50_0, 0, 3;
    %jmp T_2.6;
T_2.0 ;
    %load/v 8, v0x2857f00_0, 1;
    %pad 9, 0, 2;
    %cmpi/u 8, 1, 3;
    %jmp/0xz  T_2.7, 4;
    %movi 8, 1, 3;
    %set/v v0x2857a50_0, 8, 3;
    %jmp T_2.8;
T_2.7 ;
    %set/v v0x2857a50_0, 0, 3;
T_2.8 ;
    %jmp T_2.6;
T_2.1 ;
    %load/v 8, v0x28577d0_0, 32;
    %cmpi/u 8, 3, 32;
    %or 5, 4, 1;
    %jmp/0xz  T_2.9, 5;
    %movi 8, 1, 3;
    %set/v v0x2857a50_0, 8, 3;
    %jmp T_2.10;
T_2.9 ;
    %load/v 8, v0x2857bc0_0, 2;
    %cmpi/u 8, 1, 2;
    %mov 8, 4, 1;
    %load/v 9, v0x2857ca0_0, 2;
    %cmpi/u 9, 2, 2;
    %mov 9, 4, 1;
    %and 8, 9, 1;
    %jmp/0xz  T_2.11, 8;
    %movi 8, 3, 3;
    %set/v v0x2857a50_0, 8, 3;
    %jmp T_2.12;
T_2.11 ;
    %movi 8, 2, 3;
    %set/v v0x2857a50_0, 8, 3;
T_2.12 ;
T_2.10 ;
    %jmp T_2.6;
T_2.2 ;
    %load/v 8, v0x2857bc0_0, 2;
    %cmpi/u 8, 1, 2;
    %mov 8, 4, 1;
    %load/v 9, v0x2857ca0_0, 2;
    %cmpi/u 9, 2, 2;
    %mov 9, 4, 1;
    %and 8, 9, 1;
    %jmp/0xz  T_2.13, 8;
    %movi 8, 3, 3;
    %set/v v0x2857a50_0, 8, 3;
    %jmp T_2.14;
T_2.13 ;
    %movi 8, 2, 3;
    %set/v v0x2857a50_0, 8, 3;
T_2.14 ;
    %jmp T_2.6;
T_2.3 ;
    %load/v 8, v0x2857f00_0, 1;
    %pad 9, 0, 2;
    %cmpi/u 8, 1, 3;
    %mov 8, 4, 1;
    %load/v 9, v0x2857fc0_0, 1;
    %pad 10, 0, 2;
    %cmpi/u 9, 1, 3;
    %mov 9, 4, 1;
    %and 8, 9, 1;
    %jmp/0xz  T_2.15, 8;
    %movi 8, 4, 3;
    %set/v v0x2857a50_0, 8, 3;
    %jmp T_2.16;
T_2.15 ;
    %load/v 8, v0x2857fc0_0, 1;
    %pad 9, 0, 2;
    %cmpi/u 8, 1, 3;
    %jmp/0xz  T_2.17, 4;
    %set/v v0x2857a50_0, 0, 3;
    %jmp T_2.18;
T_2.17 ;
    %movi 8, 3, 3;
    %set/v v0x2857a50_0, 8, 3;
T_2.18 ;
T_2.16 ;
    %jmp T_2.6;
T_2.4 ;
    %load/v 8, v0x2857bc0_0, 2;
    %cmpi/u 8, 1, 2;
    %mov 8, 4, 1;
    %load/v 9, v0x2857ca0_0, 2;
    %cmpi/u 9, 2, 2;
    %mov 9, 4, 1;
    %and 8, 9, 1;
    %jmp/0xz  T_2.19, 8;
    %movi 8, 3, 3;
    %set/v v0x2857a50_0, 8, 3;
    %jmp T_2.20;
T_2.19 ;
    %movi 8, 4, 3;
    %set/v v0x2857a50_0, 8, 3;
T_2.20 ;
    %jmp T_2.6;
T_2.6 ;
    %jmp T_2;
    .thread T_2, $push;
    .scope S_0x283bce0;
T_3 ;
    %wait E_0x2820b20;
    %load/v 8, v0x28578b0_0, 3;
    %cmpi/u 8, 0, 3;
    %jmp/1 T_3.0, 6;
    %cmpi/u 8, 1, 3;
    %jmp/1 T_3.1, 6;
    %cmpi/u 8, 2, 3;
    %jmp/1 T_3.2, 6;
    %cmpi/u 8, 3, 3;
    %jmp/1 T_3.3, 6;
    %cmpi/u 8, 4, 3;
    %jmp/1 T_3.4, 6;
    %jmp T_3.5;
T_3.0 ;
    %set/v v0x2857990_0, 0, 1;
    %set/v v0x2857d80_0, 0, 1;
    %set/v v0x2857430_0, 1, 7;
    %set/v v0x2857510_0, 1, 7;
    %jmp T_3.5;
T_3.1 ;
    %set/v v0x2857990_0, 0, 1;
    %set/v v0x2857d80_0, 1, 1;
    %movi 8, 6, 7;
    %set/v v0x2857430_0, 8, 7;
    %movi 8, 43, 7;
    %set/v v0x2857510_0, 8, 7;
    %jmp T_3.5;
T_3.2 ;
    %set/v v0x2857990_0, 0, 1;
    %load/v 8, v0x2857d80_0, 1;
    %inv 8, 1;
    %set/v v0x2857d80_0, 8, 1;
    %movi 8, 6, 7;
    %set/v v0x2857430_0, 8, 7;
    %movi 8, 6, 7;
    %set/v v0x2857510_0, 8, 7;
    %jmp T_3.5;
T_3.3 ;
    %load/v 8, v0x2857990_0, 1;
    %inv 8, 1;
    %set/v v0x2857990_0, 8, 1;
    %set/v v0x2857d80_0, 0, 1;
    %movi 8, 2, 7;
    %set/v v0x2857430_0, 8, 7;
    %movi 8, 64, 7;
    %set/v v0x2857510_0, 8, 7;
    %jmp T_3.5;
T_3.4 ;
    %set/v v0x2857990_0, 0, 1;
    %load/v 8, v0x2857d80_0, 1;
    %inv 8, 1;
    %set/v v0x2857d80_0, 8, 1;
    %movi 8, 18, 7;
    %set/v v0x2857430_0, 8, 7;
    %movi 8, 12, 7;
    %set/v v0x2857510_0, 8, 7;
    %jmp T_3.5;
T_3.5 ;
    %jmp T_3;
    .thread T_3;
    .scope S_0x2820990;
T_4 ;
    %set/v v0x2858580_0, 0, 1;
    %end;
    .thread T_4;
    .scope S_0x2820990;
T_5 ;
    %set/v v0x2858580_0, 0, 1;
T_5.0 ;
    %delay 10000, 0;
    %load/v 8, v0x2858580_0, 1;
    %inv 8, 1;
    %set/v v0x2858580_0, 8, 1;
    %jmp T_5.0;
    %end;
    .thread T_5;
    .scope S_0x2820990;
T_6 ;
    %set/v v0x28587c0_0, 0, 1;
    %set/v v0x2858890_0, 1, 1;
    %set/v v0x28589f0_0, 1, 1;
    %set/v v0x2858620_0, 0, 2;
    %set/v v0x28586f0_0, 0, 2;
    %set/v v0x28587c0_0, 1, 1;
    %delay 20000, 0;
    %set/v v0x2858890_0, 1, 1;
    %delay 1000000, 0;
    %set/v v0x2858890_0, 0, 1;
    %movi 8, 1, 2;
    %set/v v0x2858620_0, 8, 2;
    %movi 8, 2, 2;
    %set/v v0x28586f0_0, 8, 2;
    %delay 2000000, 0;
    %set/v v0x28589f0_0, 1, 1;
    %end;
    .thread T_6;
    .scope S_0x2820990;
T_7 ;
    %delay 5000000, 0;
    %vpi_call/w 2 62 "$finish" {0 0};
    %end;
    .thread T_7;
    .scope S_0x2820990;
T_8 ;
    %vpi_call/w 2 65 "$dumpfile", "dump.vcd" {0 0};
    %vpi_call/w 2 66 "$dumpvars", 2'sb01 {0 0};
    %end;
    .thread T_8;
# The file index is used to find the file name in the following table.
:file_names 4;
    "N/A";
    "<interactive>";
    "testbench.sv";
    "design.sv";
